[17:09:22] [main/INFO]: Environment: authHost='https://authserver.mojang.com', accountsHost='https://api.mojang.com', sessionHost='https://sessionserver.mojang.com', name='PROD'
[17:09:23] [main/WARN]: Ambiguity between arguments [teleport, destination] and [teleport, targets] with inputs: [Player, 0123, @e, dd12be42-52a9-4a91-a8a1-11c01849e498]
[17:09:23] [main/WARN]: Ambiguity between arguments [teleport, location] and [teleport, destination] with inputs: [0.1 -0.5 .9, 0 0 0]
[17:09:23] [main/WARN]: Ambiguity between arguments [teleport, location] and [teleport, targets] with inputs: [0.1 -0.5 .9, 0 0 0]
[17:09:23] [main/WARN]: Ambiguity between arguments [teleport, targets] and [teleport, destination] with inputs: [Player, 0123, dd12be42-52a9-4a91-a8a1-11c01849e498]
[17:09:23] [main/WARN]: Ambiguity between arguments [teleport, targets, location] and [teleport, targets, destination] with inputs: [0.1 -0.5 .9, 0 0 0]
[17:09:23] [main/INFO]: Reloading ResourceManager: Default
[17:09:23] [Worker-Main-13/INFO]: Loaded 7 recipes
[17:09:23] [Worker-Main-13/INFO]: Loaded 927 advancements
[17:09:24] [Server thread/INFO]: Starting minecraft server version 1.16.1
[17:09:24] [Server thread/INFO]: Loading properties
[17:09:24] [Server thread/INFO]: Default game type: SURVIVAL
[17:09:24] [Server thread/INFO]: Generating keypair
[17:09:24] [Server thread/INFO]: Starting Minecraft server on *:25565
[17:09:24] [Server thread/INFO]: Using default channel type
[17:09:24] [Server thread/INFO]: Preparing level "world"
[17:09:24] [Server thread/INFO]: Preparing start region for dimension minecraft:overworld
[17:09:25] [Server thread/INFO]: Preparing spawn area: 0%
[17:09:25] [Server thread/INFO]: Preparing spawn area: 0%
[17:09:25] [Server thread/INFO]: Preparing spawn area: 0%
[17:09:28] [Worker-Main-9/INFO]: Preparing spawn area: 83%
[17:09:28] [Worker-Main-10/INFO]: Preparing spawn area: 83%
[17:09:28] [Worker-Main-9/INFO]: Preparing spawn area: 83%
[17:09:28] [Worker-Main-10/INFO]: Preparing spawn area: 83%
[17:09:28] [Worker-Main-10/INFO]: Preparing spawn area: 83%
[17:09:28] [Worker-Main-9/INFO]: Preparing spawn area: 83%
[17:09:29] [Worker-Main-14/INFO]: Preparing spawn area: 83%
[17:09:29] [Worker-Main-12/INFO]: Preparing spawn area: 83%
[17:09:30] [Worker-Main-13/INFO]: Preparing spawn area: 84%
[17:09:30] [Worker-Main-10/INFO]: Preparing spawn area: 88%
[17:09:31] [Worker-Main-14/INFO]: Preparing spawn area: 95%
[17:09:31] [Server thread/INFO]: Time elapsed: 6703 ms
[17:09:31] [Server thread/INFO]: Done (6.794s)! For help, type "help"
